Using pre-set license
Built from '2020.3/staging' branch; Version is '2020.3.11f1 (99c7afb366b3) revision 10078127'; Using compiler version '192528614'; Build Type 'Release'
OS: 'Windows 10 Home; OS build 19042.1052; Version 2009; 64bit' Language: 'en' Physical Memory: 16125 MB
BatchMode: 1, IsHumanControllingUs: 0, StartBugReporterOnCrash: 0, Is64bit: 1, IsPro: 0

 COMMAND LINE ARGUMENTS:
C:\Program Files\Unity\Hub\Editor\2020.3.11f1\Editor\Unity.exe
-adb2
-batchMode
-noUpm
-name
AssetImportWorker0
-projectPath
C:/Users/nwesh/Documents/Projects/gameJam2021/twinPlatformer
-logFile
Logs/AssetImportWorker0.log
-srvPort
63266
Successfully changed project path to: C:/Users/nwesh/Documents/Projects/gameJam2021/twinPlatformer
C:/Users/nwesh/Documents/Projects/gameJam2021/twinPlatformer
Using Asset Import Pipeline V2.
Refreshing native plugins compatible for Editor in 37.54 ms, found 3 plugins.
Preloading 0 native plugins for Editor in 0.00 ms.
Initialize engine version: 2020.3.11f1 (99c7afb366b3)
[Subsystems] Discovering subsystems at path C:/Program Files/Unity/Hub/Editor/2020.3.11f1/Editor/Data/Resources/UnitySubsystems
[Subsystems] Discovering subsystems at path C:/Users/nwesh/Documents/Projects/gameJam2021/twinPlatformer/Assets
GfxDevice: creating device client; threaded=0
Direct3D:
    Version:  Direct3D 11.0 [level 11.1]
    Renderer: NVIDIA GeForce GTX 1660 SUPER (ID=0x21c4)
    Vendor:   
    VRAM:     5991 MB
    Driver:   27.21.14.5785
Initialize mono
Mono path[0] = 'C:/Program Files/Unity/Hub/Editor/2020.3.11f1/Editor/Data/Managed'
Mono path[1] = 'C:/Program Files/Unity/Hub/Editor/2020.3.11f1/Editor/Data/MonoBleedingEdge/lib/mono/unityjit'
Mono config path = 'C:/Program Files/Unity/Hub/Editor/2020.3.11f1/Editor/Data/MonoBleedingEdge/etc'
Using monoOptions --debugger-agent=transport=dt_socket,embedding=1,server=y,suspend=n,address=127.0.0.1:56040
Begin MonoManager ReloadAssembly
Registering precompiled unity dll's ...
Register platform support module: C:/Program Files/Unity/Hub/Editor/2020.3.11f1/Editor/Data/PlaybackEngines/WindowsStandaloneSupport/UnityEditor.WindowsStandalone.Extensions.dll
Registered in 0.001770 seconds.
Native extension for WindowsStandalone target not found
Refreshing native plugins compatible for Editor in 38.09 ms, found 3 plugins.
Preloading 0 native plugins for Editor in 0.00 ms.
Mono: successfully reloaded assembly
- Completed reload, in  0.898 seconds
Platform modules already initialized, skipping
Registering precompiled user dll's ...
Registered in 0.003458 seconds.
Begin MonoManager ReloadAssembly
Native extension for WindowsStandalone target not found
Refreshing native plugins compatible for Editor in 36.63 ms, found 3 plugins.
Preloading 0 native plugins for Editor in 0.00 ms.
Mono: successfully reloaded assembly
- Completed reload, in  0.948 seconds
Platform modules already initialized, skipping
========================================================================
Worker process is ready to serve import requests
Launched and connected shader compiler UnityShaderCompiler.exe after 0.03 seconds
Refreshing native plugins compatible for Editor in 0.43 ms, found 3 plugins.
Preloading 0 native plugins for Editor in 0.00 ms.
Unloading 2085 Unused Serialized files (Serialized files now loaded: 0)
System memory in use before: 93.0 MB.
System memory in use after: 93.0 MB.

Unloading 33 unused Assets to reduce memory usage. Loaded Objects now: 2519.
Total: 2.053000 ms (FindLiveObjects: 0.178800 ms CreateObjectMapping: 0.072500 ms MarkObjects: 1.695300 ms  DeleteObjects: 0.105500 ms)

========================================================================
Received Import Request.
  path: Assets/Sprites/Idle.png
  artifactKey: Guid(6078021a71b30794ca437439188c050e) Importer(815301076,1909f56bfc062723c751e8b465ee728b)
Start importing Assets/Sprites/Idle.png using Guid(6078021a71b30794ca437439188c050e) Importer(815301076,1909f56bfc062723c751e8b465ee728b)  -> (artifact id: '618221a36f7186dbd89476d35339660b') in 0.069798 seconds
  Import took 0.072619 seconds .

========================================================================
Received Import Request.
  Time since last request: 28.825015 seconds.
  path: Assets/Prefabs/Box.prefab
  artifactKey: Guid(0902bfe6dab955247b84aa4aed85fcc1) Importer(815301076,1909f56bfc062723c751e8b465ee728b)
Start importing Assets/Prefabs/Box.prefab using Guid(0902bfe6dab955247b84aa4aed85fcc1) Importer(815301076,1909f56bfc062723c751e8b465ee728b)  -> (artifact id: '0871c5b34e86a349ea7fcd62d61ac8db') in 0.032009 seconds
  Import took 0.035055 seconds .

========================================================================
Received Import Request.
  Time since last request: 0.013929 seconds.
  path: Assets/Prefabs/Box.prefab
  artifactKey: Guid(0902bfe6dab955247b84aa4aed85fcc1) Importer(815301076,1909f56bfc062723c751e8b465ee728b)
Start importing Assets/Prefabs/Box.prefab using Guid(0902bfe6dab955247b84aa4aed85fcc1) Importer(815301076,1909f56bfc062723c751e8b465ee728b)  -> (artifact id: '0871c5b34e86a349ea7fcd62d61ac8db') in 0.007512 seconds
  Import took 0.010962 seconds .

========================================================================
Received Prepare
Registering precompiled user dll's ...
Registered in 0.003217 seconds.
Begin MonoManager ReloadAssembly
Native extension for WindowsStandalone target not found
Refreshing native plugins compatible for Editor in 0.42 ms, found 3 plugins.
Preloading 0 native plugins for Editor in 0.00 ms.
Mono: successfully reloaded assembly
- Completed reload, in  0.883 seconds
Platform modules already initialized, skipping
Refreshing native plugins compatible for Editor in 0.43 ms, found 3 plugins.
Preloading 0 native plugins for Editor in 0.00 ms.
Unloading 2080 Unused Serialized files (Serialized files now loaded: 0)
System memory in use before: 95.9 MB.
System memory in use after: 95.9 MB.

Unloading 21 unused Assets to reduce memory usage. Loaded Objects now: 2533.
Total: 2.136700 ms (FindLiveObjects: 0.234600 ms CreateObjectMapping: 0.100500 ms MarkObjects: 1.696400 ms  DeleteObjects: 0.103900 ms)

========================================================================
Received Import Request.
  Time since last request: 44.468674 seconds.
  path: Assets/Scripts/BulletManager.cs
  artifactKey: Guid(754bcd3f6c0b4194eacf2e9febcf129f) Importer(815301076,1909f56bfc062723c751e8b465ee728b)
Start importing Assets/Scripts/BulletManager.cs using Guid(754bcd3f6c0b4194eacf2e9febcf129f) Importer(815301076,1909f56bfc062723c751e8b465ee728b)  -> (artifact id: 'b2649e2473138ee9ce2cfb1c515790bc') in 0.010997 seconds
  Import took 0.013842 seconds .

========================================================================
Received Prepare
Registering precompiled user dll's ...
Registered in 0.003258 seconds.
Begin MonoManager ReloadAssembly
Native extension for WindowsStandalone target not found
Refreshing native plugins compatible for Editor in 0.50 ms, found 3 plugins.
Preloading 0 native plugins for Editor in 0.00 ms.
Mono: successfully reloaded assembly
- Completed reload, in  0.867 seconds
Platform modules already initialized, skipping
Refreshing native plugins compatible for Editor in 0.43 ms, found 3 plugins.
Preloading 0 native plugins for Editor in 0.00 ms.
Unloading 2080 Unused Serialized files (Serialized files now loaded: 0)
System memory in use before: 96.0 MB.
System memory in use after: 96.0 MB.

Unloading 21 unused Assets to reduce memory usage. Loaded Objects now: 2537.
Total: 1.854600 ms (FindLiveObjects: 0.172600 ms CreateObjectMapping: 0.064400 ms MarkObjects: 1.534700 ms  DeleteObjects: 0.082100 ms)

========================================================================
Received Import Request.
  Time since last request: 53.847030 seconds.
  path: Assets/Prefabs/Box.prefab
  artifactKey: Guid(0902bfe6dab955247b84aa4aed85fcc1) Importer(815301076,1909f56bfc062723c751e8b465ee728b)
Start importing Assets/Prefabs/Box.prefab using Guid(0902bfe6dab955247b84aa4aed85fcc1) Importer(815301076,1909f56bfc062723c751e8b465ee728b)  -> (artifact id: 'e384916eec9ae1476b7ea066c972b710') in 0.040545 seconds
  Import took 0.043317 seconds .

========================================================================
Received Import Request.
  Time since last request: 4.836099 seconds.
  path: Assets/Prefabs/Box.prefab
  artifactKey: Guid(0902bfe6dab955247b84aa4aed85fcc1) Importer(815301076,1909f56bfc062723c751e8b465ee728b)
Start importing Assets/Prefabs/Box.prefab using Guid(0902bfe6dab955247b84aa4aed85fcc1) Importer(815301076,1909f56bfc062723c751e8b465ee728b)  -> (artifact id: '5f85c4bab672aeeaf516ceb236f1e05b') in 0.006397 seconds
  Import took 0.009454 seconds .

========================================================================
Received Prepare
Registering precompiled user dll's ...
Registered in 0.003252 seconds.
Begin MonoManager ReloadAssembly
Native extension for WindowsStandalone target not found
Refreshing native plugins compatible for Editor in 0.44 ms, found 3 plugins.
Preloading 0 native plugins for Editor in 0.00 ms.
Mono: successfully reloaded assembly
- Completed reload, in  0.866 seconds
Platform modules already initialized, skipping
Refreshing native plugins compatible for Editor in 0.43 ms, found 3 plugins.
Preloading 0 native plugins for Editor in 0.00 ms.
Unloading 2080 Unused Serialized files (Serialized files now loaded: 0)
System memory in use before: 96.0 MB.
System memory in use after: 96.0 MB.

Unloading 21 unused Assets to reduce memory usage. Loaded Objects now: 2542.
Total: 1.918700 ms (FindLiveObjects: 0.185900 ms CreateObjectMapping: 0.064500 ms MarkObjects: 1.580800 ms  DeleteObjects: 0.086600 ms)

========================================================================
Received Prepare
Registering precompiled user dll's ...
Registered in 0.003159 seconds.
Begin MonoManager ReloadAssembly
Native extension for WindowsStandalone target not found
Refreshing native plugins compatible for Editor in 0.44 ms, found 3 plugins.
Preloading 0 native plugins for Editor in 0.00 ms.
Mono: successfully reloaded assembly
- Completed reload, in  0.865 seconds
Platform modules already initialized, skipping
Refreshing native plugins compatible for Editor in 0.52 ms, found 3 plugins.
Preloading 0 native plugins for Editor in 0.00 ms.
Unloading 2080 Unused Serialized files (Serialized files now loaded: 0)
System memory in use before: 96.0 MB.
System memory in use after: 96.0 MB.

Unloading 21 unused Assets to reduce memory usage. Loaded Objects now: 2546.
Total: 1.873700 ms (FindLiveObjects: 0.176400 ms CreateObjectMapping: 0.064900 ms MarkObjects: 1.546100 ms  DeleteObjects: 0.085100 ms)

========================================================================
Received Import Request.
  Time since last request: 39.122482 seconds.
  path: Assets/Prefabs/Box.prefab
  artifactKey: Guid(0902bfe6dab955247b84aa4aed85fcc1) Importer(815301076,1909f56bfc062723c751e8b465ee728b)
Start importing Assets/Prefabs/Box.prefab using Guid(0902bfe6dab955247b84aa4aed85fcc1) Importer(815301076,1909f56bfc062723c751e8b465ee728b)  -> (artifact id: '096533e46003894414a0308881cb5d2e') in 0.042547 seconds
  Import took 0.045378 seconds .

========================================================================
Received Import Request.
  Time since last request: 0.722700 seconds.
  path: Assets/Prefabs/Box.prefab
  artifactKey: Guid(0902bfe6dab955247b84aa4aed85fcc1) Importer(815301076,1909f56bfc062723c751e8b465ee728b)
Start importing Assets/Prefabs/Box.prefab using Guid(0902bfe6dab955247b84aa4aed85fcc1) Importer(815301076,1909f56bfc062723c751e8b465ee728b)  -> (artifact id: 'd4ffb40fa913b1495d14c5c99de2e4bf') in 0.008392 seconds
  Import took 0.011402 seconds .

========================================================================
Received Import Request.
  Time since last request: 2.205944 seconds.
  path: Assets/Prefabs/Box.prefab
  artifactKey: Guid(0902bfe6dab955247b84aa4aed85fcc1) Importer(815301076,1909f56bfc062723c751e8b465ee728b)
Start importing Assets/Prefabs/Box.prefab using Guid(0902bfe6dab955247b84aa4aed85fcc1) Importer(815301076,1909f56bfc062723c751e8b465ee728b)  -> (artifact id: '1871cd60dca50d8da0b2a7e20e5744f2') in 0.006933 seconds
  Import took 0.009910 seconds .

========================================================================
Received Import Request.
  Time since last request: 2.214813 seconds.
  path: Assets/Prefabs/Box.prefab
  artifactKey: Guid(0902bfe6dab955247b84aa4aed85fcc1) Importer(815301076,1909f56bfc062723c751e8b465ee728b)
Start importing Assets/Prefabs/Box.prefab using Guid(0902bfe6dab955247b84aa4aed85fcc1) Importer(815301076,1909f56bfc062723c751e8b465ee728b)  -> (artifact id: 'b7f3875b0b32e2f71266e09c67236768') in 0.009068 seconds
  Import took 0.012144 seconds .

========================================================================
Received Import Request.
  Time since last request: 2.839356 seconds.
  path: Assets/Prefabs/Box.prefab
  artifactKey: Guid(0902bfe6dab955247b84aa4aed85fcc1) Importer(815301076,1909f56bfc062723c751e8b465ee728b)
Start importing Assets/Prefabs/Box.prefab using Guid(0902bfe6dab955247b84aa4aed85fcc1) Importer(815301076,1909f56bfc062723c751e8b465ee728b)  -> (artifact id: '12d4a6a51fc41c8d50e9f4cc2bcb61c2') in 0.008889 seconds
  Import took 0.011942 seconds .

========================================================================
Received Import Request.
  Time since last request: 2.587654 seconds.
  path: Assets/Prefabs/Box.prefab
  artifactKey: Guid(0902bfe6dab955247b84aa4aed85fcc1) Importer(815301076,1909f56bfc062723c751e8b465ee728b)
Start importing Assets/Prefabs/Box.prefab using Guid(0902bfe6dab955247b84aa4aed85fcc1) Importer(815301076,1909f56bfc062723c751e8b465ee728b)  -> (artifact id: '18aa9124cccfb68a517928acb95d775e') in 0.010760 seconds
  Import took 0.013952 seconds .

========================================================================
Received Import Request.
  Time since last request: 8.464272 seconds.
  path: Assets/Prefabs/Box.prefab
  artifactKey: Guid(0902bfe6dab955247b84aa4aed85fcc1) Importer(815301076,1909f56bfc062723c751e8b465ee728b)
Start importing Assets/Prefabs/Box.prefab using Guid(0902bfe6dab955247b84aa4aed85fcc1) Importer(815301076,1909f56bfc062723c751e8b465ee728b)  -> (artifact id: '765d258f26628eea80368c0a117b97b1') in 0.006510 seconds
  Import took 0.009479 seconds .

========================================================================
Received Import Request.
  Time since last request: 3.591936 seconds.
  path: Assets/Prefabs/Box.prefab
  artifactKey: Guid(0902bfe6dab955247b84aa4aed85fcc1) Importer(815301076,1909f56bfc062723c751e8b465ee728b)
Start importing Assets/Prefabs/Box.prefab using Guid(0902bfe6dab955247b84aa4aed85fcc1) Importer(815301076,1909f56bfc062723c751e8b465ee728b)  -> (artifact id: '827eb86bf4913322f0597e67a2bde0ff') in 0.006201 seconds
  Import took 0.009202 seconds .

========================================================================
Received Prepare
Registering precompiled user dll's ...
Registered in 0.003230 seconds.
Begin MonoManager ReloadAssembly
Native extension for WindowsStandalone target not found
Refreshing native plugins compatible for Editor in 0.80 ms, found 3 plugins.
Preloading 0 native plugins for Editor in 0.00 ms.
Mono: successfully reloaded assembly
- Completed reload, in  0.882 seconds
Platform modules already initialized, skipping
Refreshing native plugins compatible for Editor in 0.43 ms, found 3 plugins.
Preloading 0 native plugins for Editor in 0.00 ms.
Unloading 2080 Unused Serialized files (Serialized files now loaded: 0)
System memory in use before: 96.1 MB.
System memory in use after: 96.0 MB.

Unloading 21 unused Assets to reduce memory usage. Loaded Objects now: 2551.
Total: 2.014900 ms (FindLiveObjects: 0.172700 ms CreateObjectMapping: 0.062800 ms MarkObjects: 1.688500 ms  DeleteObjects: 0.090100 ms)

========================================================================
Received Prepare
Registering precompiled user dll's ...
Registered in 0.003411 seconds.
Begin MonoManager ReloadAssembly
Native extension for WindowsStandalone target not found
Refreshing native plugins compatible for Editor in 0.44 ms, found 3 plugins.
Preloading 0 native plugins for Editor in 0.00 ms.
Mono: successfully reloaded assembly
- Completed reload, in  0.875 seconds
Platform modules already initialized, skipping
Refreshing native plugins compatible for Editor in 0.43 ms, found 3 plugins.
Preloading 0 native plugins for Editor in 0.00 ms.
Unloading 2080 Unused Serialized files (Serialized files now loaded: 0)
System memory in use before: 96.1 MB.
System memory in use after: 96.1 MB.

Unloading 21 unused Assets to reduce memory usage. Loaded Objects now: 2555.
Total: 2.092800 ms (FindLiveObjects: 0.193000 ms CreateObjectMapping: 0.070600 ms MarkObjects: 1.738200 ms  DeleteObjects: 0.090100 ms)

========================================================================
Received Prepare
Registering precompiled user dll's ...
Registered in 0.003252 seconds.
Begin MonoManager ReloadAssembly
Native extension for WindowsStandalone target not found
Refreshing native plugins compatible for Editor in 0.44 ms, found 3 plugins.
Preloading 0 native plugins for Editor in 0.00 ms.
Mono: successfully reloaded assembly
- Completed reload, in  0.852 seconds
Platform modules already initialized, skipping
Refreshing native plugins compatible for Editor in 0.42 ms, found 3 plugins.
Preloading 0 native plugins for Editor in 0.00 ms.
Unloading 2080 Unused Serialized files (Serialized files now loaded: 0)
System memory in use before: 96.1 MB.
System memory in use after: 96.1 MB.

Unloading 21 unused Assets to reduce memory usage. Loaded Objects now: 2559.
Total: 1.912700 ms (FindLiveObjects: 0.167300 ms CreateObjectMapping: 0.062000 ms MarkObjects: 1.596300 ms  DeleteObjects: 0.086300 ms)

========================================================================
Received Import Request.
  Time since last request: 119.028172 seconds.
  path: Assets/Prefabs/Box.prefab
  artifactKey: Guid(0902bfe6dab955247b84aa4aed85fcc1) Importer(815301076,1909f56bfc062723c751e8b465ee728b)
Start importing Assets/Prefabs/Box.prefab using Guid(0902bfe6dab955247b84aa4aed85fcc1) Importer(815301076,1909f56bfc062723c751e8b465ee728b)  -> (artifact id: '89e892ee9bb31b7a5855cbd6761a5879') in 0.042749 seconds
  Import took 0.046348 seconds .

========================================================================
Received Prepare
Registering precompiled user dll's ...
Registered in 0.003323 seconds.
Begin MonoManager ReloadAssembly
Native extension for WindowsStandalone target not found
Refreshing native plugins compatible for Editor in 0.44 ms, found 3 plugins.
Preloading 0 native plugins for Editor in 0.00 ms.
Mono: successfully reloaded assembly
- Completed reload, in  0.847 seconds
Platform modules already initialized, skipping
Refreshing native plugins compatible for Editor in 0.43 ms, found 3 plugins.
Preloading 0 native plugins for Editor in 0.00 ms.
Unloading 2080 Unused Serialized files (Serialized files now loaded: 0)
System memory in use before: 96.1 MB.
System memory in use after: 96.1 MB.

Unloading 21 unused Assets to reduce memory usage. Loaded Objects now: 2564.
Total: 2.022300 ms (FindLiveObjects: 0.181800 ms CreateObjectMapping: 0.068600 ms MarkObjects: 1.680400 ms  DeleteObjects: 0.090500 ms)

========================================================================
Received Prepare
Registering precompiled user dll's ...
Registered in 0.003439 seconds.
Begin MonoManager ReloadAssembly
Native extension for WindowsStandalone target not found
Refreshing native plugins compatible for Editor in 0.43 ms, found 3 plugins.
Preloading 0 native plugins for Editor in 0.00 ms.
Mono: successfully reloaded assembly
- Completed reload, in  0.884 seconds
Platform modules already initialized, skipping
Refreshing native plugins compatible for Editor in 0.44 ms, found 3 plugins.
Preloading 0 native plugins for Editor in 0.00 ms.
Unloading 2080 Unused Serialized files (Serialized files now loaded: 0)
System memory in use before: 96.1 MB.
System memory in use after: 96.1 MB.

Unloading 21 unused Assets to reduce memory usage. Loaded Objects now: 2568.
Total: 2.135500 ms (FindLiveObjects: 0.178500 ms CreateObjectMapping: 0.064200 ms MarkObjects: 1.794600 ms  DeleteObjects: 0.097200 ms)

========================================================================
Received Prepare
Registering precompiled user dll's ...
Registered in 0.003413 seconds.
Begin MonoManager ReloadAssembly
Native extension for WindowsStandalone target not found
Refreshing native plugins compatible for Editor in 0.44 ms, found 3 plugins.
Preloading 0 native plugins for Editor in 0.00 ms.
Mono: successfully reloaded assembly
- Completed reload, in  0.888 seconds
Platform modules already initialized, skipping
Refreshing native plugins compatible for Editor in 0.43 ms, found 3 plugins.
Preloading 0 native plugins for Editor in 0.00 ms.
Unloading 2080 Unused Serialized files (Serialized files now loaded: 0)
System memory in use before: 96.1 MB.
System memory in use after: 96.1 MB.

Unloading 21 unused Assets to reduce memory usage. Loaded Objects now: 2572.
Total: 1.862700 ms (FindLiveObjects: 0.186400 ms CreateObjectMapping: 0.068800 ms MarkObjects: 1.518200 ms  DeleteObjects: 0.088400 ms)

========================================================================
Received Import Request.
  Time since last request: 105.001360 seconds.
  path: Assets/Prefabs/Box.prefab
  artifactKey: Guid(0902bfe6dab955247b84aa4aed85fcc1) Importer(815301076,1909f56bfc062723c751e8b465ee728b)
Start importing Assets/Prefabs/Box.prefab using Guid(0902bfe6dab955247b84aa4aed85fcc1) Importer(815301076,1909f56bfc062723c751e8b465ee728b)  -> (artifact id: '7ed4d9c5b3bdd1ead8d48393ff68a358') in 0.042719 seconds
  Import took 0.045677 seconds .

========================================================================
Received Prepare
Registering precompiled user dll's ...
Registered in 0.003224 seconds.
Begin MonoManager ReloadAssembly
Native extension for WindowsStandalone target not found
Refreshing native plugins compatible for Editor in 0.43 ms, found 3 plugins.
Preloading 0 native plugins for Editor in 0.00 ms.
Mono: successfully reloaded assembly
- Completed reload, in  0.847 seconds
Platform modules already initialized, skipping
Refreshing native plugins compatible for Editor in 0.43 ms, found 3 plugins.
Preloading 0 native plugins for Editor in 0.00 ms.
Unloading 2080 Unused Serialized files (Serialized files now loaded: 0)
System memory in use before: 96.1 MB.
System memory in use after: 96.1 MB.

Unloading 21 unused Assets to reduce memory usage. Loaded Objects now: 2577.
Total: 1.906400 ms (FindLiveObjects: 0.181800 ms CreateObjectMapping: 0.066500 ms MarkObjects: 1.571700 ms  DeleteObjects: 0.085600 ms)

========================================================================
Received Prepare
Registering precompiled user dll's ...
Registered in 0.004477 seconds.
Begin MonoManager ReloadAssembly
Native extension for WindowsStandalone target not found
Refreshing native plugins compatible for Editor in 0.48 ms, found 3 plugins.
Preloading 0 native plugins for Editor in 0.00 ms.
Mono: successfully reloaded assembly
- Completed reload, in  0.910 seconds
Platform modules already initialized, skipping
Refreshing native plugins compatible for Editor in 0.45 ms, found 3 plugins.
Preloading 0 native plugins for Editor in 0.00 ms.
Unloading 2080 Unused Serialized files (Serialized files now loaded: 0)
System memory in use before: 96.1 MB.
System memory in use after: 96.1 MB.

Unloading 21 unused Assets to reduce memory usage. Loaded Objects now: 2581.
Total: 2.139600 ms (FindLiveObjects: 0.208000 ms CreateObjectMapping: 0.080600 ms MarkObjects: 1.743200 ms  DeleteObjects: 0.107000 ms)

========================================================================
Received Prepare
Registering precompiled user dll's ...
Registered in 0.003269 seconds.
Begin MonoManager ReloadAssembly
Native extension for WindowsStandalone target not found
Refreshing native plugins compatible for Editor in 0.52 ms, found 3 plugins.
Preloading 0 native plugins for Editor in 0.00 ms.
Mono: successfully reloaded assembly
- Completed reload, in  0.871 seconds
Platform modules already initialized, skipping
Refreshing native plugins compatible for Editor in 0.43 ms, found 3 plugins.
Preloading 0 native plugins for Editor in 0.00 ms.
Unloading 2093 Unused Serialized files (Serialized files now loaded: 0)
System memory in use before: 98.1 MB.
System memory in use after: 97.5 MB.

Unloading 34 unused Assets to reduce memory usage. Loaded Objects now: 2585.
Total: 2.147800 ms (FindLiveObjects: 0.183000 ms CreateObjectMapping: 0.063200 ms MarkObjects: 1.582500 ms  DeleteObjects: 0.318100 ms)

========================================================================
Received Prepare
Registering precompiled user dll's ...
Registered in 0.003269 seconds.
Begin MonoManager ReloadAssembly
Native extension for WindowsStandalone target not found
Refreshing native plugins compatible for Editor in 0.44 ms, found 3 plugins.
Preloading 0 native plugins for Editor in 0.00 ms.
Mono: successfully reloaded assembly
- Completed reload, in  0.889 seconds
Platform modules already initialized, skipping
Refreshing native plugins compatible for Editor in 0.45 ms, found 3 plugins.
Preloading 0 native plugins for Editor in 0.00 ms.
Unloading 2094 Unused Serialized files (Serialized files now loaded: 0)
System memory in use before: 98.2 MB.
System memory in use after: 97.5 MB.

Unloading 34 unused Assets to reduce memory usage. Loaded Objects now: 2590.
Total: 2.341700 ms (FindLiveObjects: 0.221200 ms CreateObjectMapping: 0.090000 ms MarkObjects: 1.680400 ms  DeleteObjects: 0.348900 ms)

========================================================================
Received Import Request.
  Time since last request: 709.977868 seconds.
  path: Assets/Scripts/GameManager.cs
  artifactKey: Guid(95526c45d10e0d14e8c9da93a7acc917) Importer(815301076,1909f56bfc062723c751e8b465ee728b)
Start importing Assets/Scripts/GameManager.cs using Guid(95526c45d10e0d14e8c9da93a7acc917) Importer(815301076,1909f56bfc062723c751e8b465ee728b)  -> (artifact id: '620619feba040d7b3a8ed26f8782411c') in 0.009100 seconds
  Import took 0.011965 seconds .

========================================================================
Received Prepare
Registering precompiled user dll's ...
Registered in 0.003257 seconds.
Begin MonoManager ReloadAssembly
Native extension for WindowsStandalone target not found
Refreshing native plugins compatible for Editor in 0.43 ms, found 3 plugins.
Preloading 0 native plugins for Editor in 0.00 ms.
Mono: successfully reloaded assembly
- Completed reload, in  0.886 seconds
Platform modules already initialized, skipping
Refreshing native plugins compatible for Editor in 0.43 ms, found 3 plugins.
Preloading 0 native plugins for Editor in 0.00 ms.
Unloading 2094 Unused Serialized files (Serialized files now loaded: 0)
System memory in use before: 98.2 MB.
System memory in use after: 97.5 MB.

Unloading 34 unused Assets to reduce memory usage. Loaded Objects now: 2594.
Total: 2.235900 ms (FindLiveObjects: 0.184300 ms CreateObjectMapping: 0.068500 ms MarkObjects: 1.637100 ms  DeleteObjects: 0.344900 ms)

========================================================================
Received Prepare
Registering precompiled user dll's ...
Registered in 0.003275 seconds.
Begin MonoManager ReloadAssembly
Native extension for WindowsStandalone target not found
Refreshing native plugins compatible for Editor in 0.45 ms, found 3 plugins.
Preloading 0 native plugins for Editor in 0.00 ms.
Mono: successfully reloaded assembly
- Completed reload, in  0.854 seconds
Platform modules already initialized, skipping
Refreshing native plugins compatible for Editor in 0.43 ms, found 3 plugins.
Preloading 0 native plugins for Editor in 0.00 ms.
Unloading 2094 Unused Serialized files (Serialized files now loaded: 0)
System memory in use before: 98.2 MB.
System memory in use after: 97.5 MB.

Unloading 34 unused Assets to reduce memory usage. Loaded Objects now: 2598.
Total: 2.255000 ms (FindLiveObjects: 0.200100 ms CreateObjectMapping: 0.071500 ms MarkObjects: 1.640300 ms  DeleteObjects: 0.342300 ms)

========================================================================
Received Import Request.
  Time since last request: 28.764951 seconds.
  path: Assets/Scripts/GameManager.cs
  artifactKey: Guid(95526c45d10e0d14e8c9da93a7acc917) Importer(815301076,1909f56bfc062723c751e8b465ee728b)
Start importing Assets/Scripts/GameManager.cs using Guid(95526c45d10e0d14e8c9da93a7acc917) Importer(815301076,1909f56bfc062723c751e8b465ee728b)  -> (artifact id: '4f7a5a18715a68172e484c9dc5abc218') in 0.004059 seconds
  Import took 0.006831 seconds .

========================================================================
Received Prepare
Registering precompiled user dll's ...
Registered in 0.003239 seconds.
Begin MonoManager ReloadAssembly
Native extension for WindowsStandalone target not found
Refreshing native plugins compatible for Editor in 0.45 ms, found 3 plugins.
Preloading 0 native plugins for Editor in 0.00 ms.
Mono: successfully reloaded assembly
- Completed reload, in  0.874 seconds
Platform modules already initialized, skipping
Refreshing native plugins compatible for Editor in 0.44 ms, found 3 plugins.
Preloading 0 native plugins for Editor in 0.00 ms.
Unloading 2094 Unused Serialized files (Serialized files now loaded: 0)
System memory in use before: 98.2 MB.
System memory in use after: 97.5 MB.

Unloading 34 unused Assets to reduce memory usage. Loaded Objects now: 2602.
Total: 2.185900 ms (FindLiveObjects: 0.181300 ms CreateObjectMapping: 0.062200 ms MarkObjects: 1.604800 ms  DeleteObjects: 0.336800 ms)

========================================================================
Received Import Request.
  Time since last request: 94.072420 seconds.
  path: Assets/Prefabs/End.prefab
  artifactKey: Guid(3edb2c409f433ad4692eb660b7db516e) Importer(815301076,1909f56bfc062723c751e8b465ee728b)
Start importing Assets/Prefabs/End.prefab using Guid(3edb2c409f433ad4692eb660b7db516e) Importer(815301076,1909f56bfc062723c751e8b465ee728b)  -> (artifact id: '29e7f2fc86785fe493259f93882daaf0') in 0.055396 seconds
  Import took 0.058453 seconds .

========================================================================
Received Import Request.
  Time since last request: 7.717668 seconds.
  path: Assets/Prefabs/End.prefab
  artifactKey: Guid(3edb2c409f433ad4692eb660b7db516e) Importer(815301076,1909f56bfc062723c751e8b465ee728b)
Start importing Assets/Prefabs/End.prefab using Guid(3edb2c409f433ad4692eb660b7db516e) Importer(815301076,1909f56bfc062723c751e8b465ee728b)  -> (artifact id: '150cf07136137b43853dca68c0aef7db') in 0.007235 seconds
  Import took 0.010367 seconds .

========================================================================
Received Import Request.
  Time since last request: 4.621941 seconds.
  path: Assets/Prefabs/End.prefab
  artifactKey: Guid(3edb2c409f433ad4692eb660b7db516e) Importer(815301076,1909f56bfc062723c751e8b465ee728b)
Start importing Assets/Prefabs/End.prefab using Guid(3edb2c409f433ad4692eb660b7db516e) Importer(815301076,1909f56bfc062723c751e8b465ee728b)  -> (artifact id: 'c72b0209fa1bc991bd14549a898f4c0d') in 0.008745 seconds
  Import took 0.013940 seconds .

========================================================================
Received Import Request.
  Time since last request: 3.607780 seconds.
  path: Assets/Prefabs/End.prefab
  artifactKey: Guid(3edb2c409f433ad4692eb660b7db516e) Importer(815301076,1909f56bfc062723c751e8b465ee728b)
Start importing Assets/Prefabs/End.prefab using Guid(3edb2c409f433ad4692eb660b7db516e) Importer(815301076,1909f56bfc062723c751e8b465ee728b)  -> (artifact id: '83c7934ec938f2bc3363f0e98e8fbbd3') in 0.007209 seconds
  Import took 0.010212 seconds .

========================================================================
Received Import Request.
  Time since last request: 2.614582 seconds.
  path: Assets/Prefabs/End.prefab
  artifactKey: Guid(3edb2c409f433ad4692eb660b7db516e) Importer(815301076,1909f56bfc062723c751e8b465ee728b)
Start importing Assets/Prefabs/End.prefab using Guid(3edb2c409f433ad4692eb660b7db516e) Importer(815301076,1909f56bfc062723c751e8b465ee728b)  -> (artifact id: 'c236617ee9fc9d9d2e1bdbe4cc54986c') in 0.007767 seconds
  Import took 0.010833 seconds .

========================================================================
Received Import Request.
  Time since last request: 10.887951 seconds.
  path: Assets/Prefabs/End.prefab
  artifactKey: Guid(3edb2c409f433ad4692eb660b7db516e) Importer(815301076,1909f56bfc062723c751e8b465ee728b)
Start importing Assets/Prefabs/End.prefab using Guid(3edb2c409f433ad4692eb660b7db516e) Importer(815301076,1909f56bfc062723c751e8b465ee728b)  -> (artifact id: '0f3f0e2c7b71d7557460ac7d40ba22ee') in 0.006555 seconds
  Import took 0.009786 seconds .

========================================================================
Received Import Request.
  Time since last request: 23.799160 seconds.
  path: Assets/Prefabs/End.prefab
  artifactKey: Guid(3edb2c409f433ad4692eb660b7db516e) Importer(815301076,1909f56bfc062723c751e8b465ee728b)
Start importing Assets/Prefabs/End.prefab using Guid(3edb2c409f433ad4692eb660b7db516e) Importer(815301076,1909f56bfc062723c751e8b465ee728b)  -> (artifact id: '45b06d8984ab2d7c30d8794d6c6a54bc') in 0.007364 seconds
  Import took 0.010753 seconds .

========================================================================
Received Import Request.
  Time since last request: 2.808344 seconds.
  path: Assets/Prefabs/End.prefab
  artifactKey: Guid(3edb2c409f433ad4692eb660b7db516e) Importer(815301076,1909f56bfc062723c751e8b465ee728b)
Start importing Assets/Prefabs/End.prefab using Guid(3edb2c409f433ad4692eb660b7db516e) Importer(815301076,1909f56bfc062723c751e8b465ee728b)  -> (artifact id: 'f4f24a00ef6d3d39ac893fd60c514438') in 0.006865 seconds
  Import took 0.009832 seconds .

========================================================================
Received Prepare
Registering precompiled user dll's ...
Registered in 0.003672 seconds.
Begin MonoManager ReloadAssembly
Native extension for WindowsStandalone target not found
Refreshing native plugins compatible for Editor in 0.43 ms, found 3 plugins.
Preloading 0 native plugins for Editor in 0.00 ms.
Mono: successfully reloaded assembly
- Completed reload, in  0.864 seconds
Platform modules already initialized, skipping
Refreshing native plugins compatible for Editor in 0.43 ms, found 3 plugins.
Preloading 0 native plugins for Editor in 0.00 ms.
Unloading 2094 Unused Serialized files (Serialized files now loaded: 0)
System memory in use before: 98.2 MB.
System memory in use after: 97.5 MB.

Unloading 34 unused Assets to reduce memory usage. Loaded Objects now: 2607.
Total: 2.349500 ms (FindLiveObjects: 0.176600 ms CreateObjectMapping: 0.060000 ms MarkObjects: 1.758900 ms  DeleteObjects: 0.353000 ms)

========================================================================
Received Import Request.
  Time since last request: 17.765601 seconds.
  path: Assets/Prefabs/End.prefab
  artifactKey: Guid(3edb2c409f433ad4692eb660b7db516e) Importer(815301076,1909f56bfc062723c751e8b465ee728b)
Start importing Assets/Prefabs/End.prefab using Guid(3edb2c409f433ad4692eb660b7db516e) Importer(815301076,1909f56bfc062723c751e8b465ee728b)  -> (artifact id: '404618f07e92ee0f5b234e14de0dd794') in 0.041588 seconds
  Import took 0.044436 seconds .

========================================================================
Received Import Request.
  Time since last request: 3.201696 seconds.
  path: ProjectSettings/TagManager.asset
  artifactKey: Guid(00000000000000003000000000000000) Importer(815301076,1909f56bfc062723c751e8b465ee728b)
Start importing ProjectSettings/TagManager.asset using Guid(00000000000000003000000000000000) Importer(815301076,1909f56bfc062723c751e8b465ee728b)  -> (artifact id: 'b4182312769238eaefacd63a47e07318') in 0.010704 seconds
  Import took 0.013564 seconds .

========================================================================
Received Import Request.
  Time since last request: 15.279693 seconds.
  path: Assets/Prefabs/End.prefab
  artifactKey: Guid(3edb2c409f433ad4692eb660b7db516e) Importer(815301076,1909f56bfc062723c751e8b465ee728b)
Start importing Assets/Prefabs/End.prefab using Guid(3edb2c409f433ad4692eb660b7db516e) Importer(815301076,1909f56bfc062723c751e8b465ee728b)  -> (artifact id: 'c87639549eea264a653986eb44123a03') in 0.006506 seconds
  Import took 0.009601 seconds .

AssetImportWorkerClient::OnTransportError - code=2 error=End of file
